◇ injected env (2) from .env // tip: ⌘ enable debugging { debug: true }
======================================
🏦 Gringotts Wizarding Bank API
🚀 Server Running : http://localhost:5001
======================================
======================================
✅ MongoDB Connected Successfully
📂 Database : gringotts
🖥️ Host      : localhost
======================================
[0mPOST /api/auth/register [32m201[0m 135.151 ms - 438[0m
[0mGET / [32m200[0m 0.654 ms - 91[0m
[0mPOST /api/auth/register [31m500[0m 78.656 ms - 140[0m
[0mPOST /api/auth/register [31m500[0m 77.960 ms - 140[0m
[0mPOST /api/auth/register [33m400[0m 3.776 ms - 52[0m
[0mPOST /api/auth/register [31m500[0m 73.343 ms - 140[0m
[0mPOST /api/auth/register [32m201[0m 73.092 ms - 445[0m
[0mPOST /api/auth/register [32m201[0m 71.633 ms - 442[0m
[0mGET /api/dashboard [32m200[0m 34.755 ms - 470[0m
[0mGET /api/dashboard [36m304[0m 12.554 ms - -[0m
[0mGET /api/transactions [32m200[0m 6.040 ms - 44[0m
[0mGET /api/transactions [36m304[0m 7.549 ms - -[0m
[0mGET /api/auth/profile [32m200[0m 5.843 ms - 388[0m
[0mGET /api/auth/profile [36m304[0m 4.655 ms - -[0m
[0mGET /api/auth/profile [36m304[0m 4.349 ms - -[0m
[0mGET /api/auth/profile [36m304[0m 5.490 ms - -[0m
[0mGET /api/dashboard [36m304[0m 9.846 ms - -[0m
[0mGET /api/dashboard [36m304[0m 10.711 ms - -[0m
[0mPOST /api/auth/register [33m400[0m 3.436 ms - 52[0m
[0mPOST /api/auth/register [32m201[0m 72.774 ms - 444[0m
[0mGET /api/dashboard [32m200[0m 17.372 ms - 472[0m
[0mGET /api/dashboard [36m304[0m 19.657 ms - -[0m
[0mPOST /api/auth/register [32m201[0m 72.168 ms - 444[0m
[0mGET /api/dashboard [32m200[0m 12.861 ms - 472[0m
[0mGET /api/dashboard [36m304[0m 14.110 ms - -[0m
[0mPOST /api/transactions [33m404[0m 0.544 ms - 45[0m
[0mPOST /api/auth/login [32m200[0m 74.330 ms - 437[0m
[0mPOST /api/auth/register [33m400[0m 1.978 ms - 52[0m
[0mPOST /api/auth/login [32m200[0m 70.095 ms - 437[0m
[0mGET /api/transactions [32m200[0m 3.953 ms - 44[0m
[0mGET /api/dashboard [36m304[0m 9.941 ms - -[0m
[0mGET /api/dashboard [36m304[0m 10.957 ms - -[0m
[0mGET /api/transactions [36m304[0m 3.917 ms - -[0m
[0mGET /api/transactions [36m304[0m 3.976 ms - -[0m
[0mGET /api/auth/profile [32m200[0m 3.043 ms - 390[0m
[0mGET /api/auth/profile [36m304[0m 3.172 ms - -[0m
[0mGET /api/auth/profile [36m304[0m 4.236 ms - -[0m
[0mGET /api/auth/profile [36m304[0m 4.151 ms - -[0m
[0mGET /api/dashboard [36m304[0m 8.934 ms - -[0m
[0mGET /api/dashboard [36m304[0m 9.016 ms - -[0m
[0mPOST /api/vault/deposit [32m200[0m 15.396 ms - 294[0m
[0mGET /api/transactions [32m200[0m 6.717 ms - 379[0m
[0mGET /api/transactions [36m304[0m 4.164 ms - -[0m
[0mGET /api/auth/profile [32m200[0m 5.020 ms - 393[0m
[0mGET /api/auth/profile [36m304[0m 4.448 ms - -[0m
[0mGET /api/transactions [36m304[0m 3.895 ms - -[0m
[0mGET /api/transactions [36m304[0m 3.474 ms - -[0m
[0mGET /api/dashboard [32m200[0m 13.634 ms - 813[0m
[0mGET /api/dashboard [36m304[0m 9.090 ms - -[0m
[0mPOST /api/vault/withdraw [32m200[0m 7.789 ms - 297[0m
[0mGET /api/dashboard [32m200[0m 17.569 ms - 1149[0m
[0mGET /api/dashboard [36m304[0m 14.095 ms - -[0m
[0mGET /api/auth/profile [32m200[0m 2.820 ms - 393[0m
[0mGET /api/auth/profile [36m304[0m 3.507 ms - -[0m
[0mGET /api/dashboard [36m304[0m 9.859 ms - -[0m
[0mGET /api/dashboard [36m304[0m 9.841 ms - -[0m
[0mGET /api/dashboard [36m304[0m 15.926 ms - -[0m
[0mGET /api/dashboard [36m304[0m 14.919 ms - -[0m
[0mGET /api/dashboard [36m304[0m 13.890 ms - -[0m
[0mGET /api/dashboard [36m304[0m 13.903 ms - -[0m
[0mGET /api/dashboard [36m304[0m 14.931 ms - -[0m
[0mGET /api/dashboard [36m304[0m 12.547 ms - -[0m
[0mGET /api/dashboard [36m304[0m 16.501 ms - -[0m
[0mGET /api/dashboard [36m304[0m 15.355 ms - -[0m
[0mGET /api/dashboard [36m304[0m 14.193 ms - -[0m
[0mGET /api/dashboard [36m304[0m 13.655 ms - -[0m
[0mGET /api/dashboard [36m304[0m 12.613 ms - -[0m
[0mGET /api/dashboard [36m304[0m 11.670 ms - -[0m
[0mGET /api/dashboard [36m304[0m 9.906 ms - -[0m
[0mGET /api/dashboard [36m304[0m 11.521 ms - -[0m
[0mGET /api/dashboard [36m304[0m 13.107 ms - -[0m
[0mGET /api/dashboard [36m304[0m 12.140 ms - -[0m
[0mGET /api/dashboard [32m200[0m 9.783 ms - 1149[0m
[0mGET /api/dashboard [36m304[0m 14.041 ms - -[0m
[0mGET /api/dashboard [36m304[0m 11.792 ms - -[0m
[0mGET /api/dashboard [36m304[0m 11.340 ms - -[0m
[0mGET /api/dashboard [36m304[0m 11.533 ms - -[0m
[0mGET /api/dashboard [32m200[0m 9.053 ms - 1149[0m
[0mGET /api/dashboard [36m304[0m 16.705 ms - -[0m
[0mGET /api/dashboard [36m304[0m 13.868 ms - -[0m
[0mGET /api/dashboard [36m304[0m 8.630 ms - -[0m
[0mGET /api/dashboard [36m304[0m 10.500 ms - -[0m
[0mGET /api/dashboard [36m304[0m 9.115 ms - -[0m
[0mGET /api/dashboard [36m304[0m 9.721 ms - -[0m
[0mGET /api/dashboard [36m304[0m 12.029 ms - -[0m
[0mGET /api/dashboard [36m304[0m 13.797 ms - -[0m
[0mGET /api/dashboard [36m304[0m 14.888 ms - -[0m
[0mGET /api/dashboard [36m304[0m 13.304 ms - -[0m
[0mGET /api/dashboard [32m200[0m 9.041 ms - 1149[0m
[0mGET /api/dashboard [36m304[0m 8.611 ms - -[0m
[0mGET /api/dashboard [36m304[0m 11.401 ms - -[0m
[0mGET /api/dashboard [36m304[0m 11.968 ms - -[0m
[0mGET /api/dashboard [36m304[0m 9.704 ms - -[0m
[0mGET /api/dashboard [32m200[0m 8.128 ms - 1149[0m
[0mGET /api/dashboard [32m200[0m 8.992 ms - 1149[0m
[0mGET /api/dashboard [36m304[0m 10.846 ms - -[0m
[0mGET /api/dashboard [36m304[0m 10.029 ms - -[0m
[0mGET /api/dashboard [36m304[0m 7.632 ms - -[0m
[0mGET /api/dashboard [36m304[0m 9.298 ms - -[0m
[0mGET /api/dashboard [36m304[0m 9.449 ms - -[0m
[0mGET /api/dashboard [36m304[0m 8.452 ms - -[0m
[0mGET /api/dashboard [36m304[0m 25.305 ms - -[0m
[0mGET /api/dashboard [36m304[0m 16.386 ms - -[0m
[0mGET /api/dashboard [36m304[0m 13.834 ms - -[0m
[0mGET /api/dashboard [36m304[0m 13.612 ms - -[0m
[0mGET /api/transactions [32m200[0m 5.919 ms - 713[0m
[0mGET /api/transactions [36m304[0m 4.237 ms - -[0m
[0mGET /api/auth/profile [36m304[0m 5.095 ms - -[0m
[0mGET /api/auth/profile [36m304[0m 4.219 ms - -[0m
[0mGET /api/auth/profile [36m304[0m 7.017 ms - -[0m
[0mGET /api/auth/profile [36m304[0m 6.132 ms - -[0m
[0mGET /api/dashboard [36m304[0m 10.509 ms - -[0m
[0mGET /api/dashboard [36m304[0m 10.102 ms - -[0m
[0mGET /api/dashboard [36m304[0m 12.915 ms - -[0m
[0mGET /api/dashboard [36m304[0m 12.291 ms - -[0m
[0mGET /api/dashboard [36m304[0m 55.232 ms - -[0m
[0mGET /api/dashboard [36m304[0m 20.247 ms - -[0m
[0mGET /api/dashboard?_=1782980110777 [32m200[0m 20.542 ms - 1149[0m
[0mGET /api/dashboard?_=1782980110777 [32m200[0m 24.666 ms - 1149[0m
[0mGET /api/dashboard [33m401[0m 1.809 ms - 45[0m
[0mGET /api/auth/profile?_=1782980235063 [32m200[0m 6.860 ms - 393[0m
[0mGET /api/auth/profile?_=1782980235063 [32m200[0m 7.270 ms - 393[0m
[0mGET /api/dashboard?_=1782980237918 [32m200[0m 10.166 ms - 1149[0m
[0mGET /api/dashboard?_=1782980237918 [32m200[0m 10.576 ms - 1149[0m
[0mGET /api/dashboard?_=1782980240666 [32m200[0m 9.878 ms - 1149[0m
[0mGET /api/dashboard?_=1782980240666 [32m200[0m 10.610 ms - 1149[0m
[0mGET /api/dashboard?_=1782980375799 [32m200[0m 15.729 ms - 1149[0m
[0mGET /api/dashboard?_=1782980375799 [32m200[0m 22.206 ms - 1149[0m
[0mGET /api/dashboard?_=1782980405787 [32m200[0m 12.732 ms - 1149[0m
[0mGET /api/dashboard?_=1782980405787 [32m200[0m 15.034 ms - 1149[0m
[0mGET /api/dashboard?_=1782980419788 [32m200[0m 9.288 ms - 1149[0m
[0mGET /api/dashboard?_=1782980419788 [32m200[0m 11.706 ms - 1149[0m
[0mGET /api/dashboard?_=1782980438421 [32m200[0m 12.805 ms - 1149[0m
[0mGET /api/dashboard?_=1782980438421 [32m200[0m 13.211 ms - 1149[0m
[0mGET /api/dashboard?_=1782980489231 [32m200[0m 16.810 ms - 1149[0m
[0mGET /api/dashboard?_=1782980489231 [32m200[0m 17.357 ms - 1149[0m
[0mGET /api/dashboard?_=1782980723951 [32m200[0m 17.944 ms - 1149[0m
[0mGET /api/dashboard?_=1782980723951 [32m200[0m 19.779 ms - 1149[0m
[0mGET /api/dashboard?_=1782981198095 [32m200[0m 13.642 ms - 1149[0m
[0mGET /api/dashboard?_=1782981198095 [32m200[0m 14.674 ms - 1149[0m
[0mGET /api/dashboard?_=1782981344631 [32m200[0m 12.889 ms - 1149[0m
[0mGET /api/dashboard?_=1782981344631 [32m200[0m 12.683 ms - 1149[0m
[0mGET /api/dashboard?_=1782981619048 [32m200[0m 13.219 ms - 1149[0m
[0mGET /api/dashboard?_=1782981619048 [32m200[0m 14.023 ms - 1149[0m
[0mGET /api/dashboard?_=1782981711060 [32m200[0m 17.243 ms - 1149[0m
[0mGET /api/dashboard?_=1782981711060 [32m200[0m 17.347 ms - 1149[0m
[0mPOST /api/vault/deposit [32m200[0m 19.083 ms - 297[0m
[0mGET /api/dashboard?_=1782981732889 [32m200[0m 21.947 ms - 1487[0m
[0mGET /api/dashboard?_=1782981732889 [32m200[0m 18.746 ms - 1487[0m
[0mGET /api/dashboard?_=1782981736630 [32m200[0m 12.640 ms - 1487[0m
[0mGET /api/dashboard?_=1782981736630 [32m200[0m 11.880 ms - 1487[0m
[0mGET /api/dashboard [33m400[0m 21.855 ms - 1159[0m
[0mGET /api/dashboard [32m200[0m 11.750 ms - 1487[0m
[0mGET /api/dashboard?_=1782982736040 [32m200[0m 16.896 ms - 1487[0m
[0mGET /api/dashboard?_=1782982736040 [32m200[0m 16.751 ms - 1487[0m
[0mPOST /api/auth/login [32m200[0m 168.805 ms - 443[0m
[0mGET /api/dashboard [32m200[0m 37.579 ms - 1487[0m
[0mGET /api/dashboard?_=1782984134163 [32m200[0m 14.098 ms - 1487[0m
[0mGET /api/dashboard?_=1782984134163 [32m200[0m 14.512 ms - 1487[0m
[0mPOST /api/auth/login [32m200[0m 119.275 ms - 443[0m
[0mGET /api/dashboard?_=1782984175679 [32m200[0m 13.646 ms - 1487[0m
[0mGET /api/dashboard?_=1782984175679 [32m200[0m 14.287 ms - 1487[0m
[0mGET /api/dashboard [32m200[0m 17.643 ms - 1487[0m
[0mGET /api/dashboard [32m200[0m 41.756 ms - 1487[0m
[0mPOST /api/auth/register [32m201[0m 188.665 ms - 440[0m
[0mPOST /api/auth/login [32m200[0m 76.484 ms - 433[0m
[0mPOST /api/auth/login [32m200[0m 77.305 ms - 433[0m
[0mGET /api/dashboard [32m200[0m 100.130 ms - 468[0m
[0mPOST /api/auth/login [32m200[0m 72.250 ms - 433[0m
[0mGET /api/dashboard [32m200[0m 7.040 ms - 468[0m
[0mPOST /api/auth/login [32m200[0m 77.706 ms - 433[0m
[0mGET /api/dashboard [32m200[0m 10.057 ms - 468[0m
[0mPOST /api/auth/login [32m200[0m 70.393 ms - 433[0m
[0mGET /api/dashboard [32m200[0m 8.090 ms - 468[0m
[0mPOST /api/auth/login [32m200[0m 71.789 ms - 433[0m
[0mGET /api/dashboard [32m200[0m 9.410 ms - 468[0m
[0mPOST /api/auth/login [32m200[0m 71.731 ms - 443[0m
[0mGET /api/dashboard?_=1782987163219 [32m200[0m 18.009 ms - 1487[0m
[0mGET /api/dashboard?_=1782987163219 [32m200[0m 20.407 ms - 1487[0m
[0mPOST /api/auth/login [32m200[0m 82.935 ms - 443[0m
[0mGET /api/dashboard?_=1782988781014 [32m200[0m 76.550 ms - 1487[0m
[0mGET /api/dashboard?_=1782988781014 [32m200[0m 75.308 ms - 1487[0m
